2016-09-22 10:10:43 - PHP Notice:  Undefined variable: langC in C:\Users\alex\_work\OpenServer\domains\opencart.loc\system\storage\modification\admin\view\template\catalog\product_form.tpl on line 47
2016-09-22 10:10:43 - PHP Notice:  Undefined variable: langC in C:\Users\alex\_work\OpenServer\domains\opencart.loc\system\storage\modification\admin\view\template\catalog\product_form.tpl on line 49
2016-09-22 10:10:43 - PHP Notice:  Undefined variable: langC in C:\Users\alex\_work\OpenServer\domains\opencart.loc\system\storage\modification\admin\view\template\catalog\product_form.tpl on line 51
2016-09-22 10:10:43 - PHP Notice:  Undefined variable: langC in C:\Users\alex\_work\OpenServer\domains\opencart.loc\system\storage\modification\admin\view\template\catalog\product_form.tpl on line 55
2016-09-22 10:10:43 - PHP Notice:  Undefined variable: langC in C:\Users\alex\_work\OpenServer\domains\opencart.loc\system\storage\modification\admin\view\template\catalog\product_form.tpl on line 59
2016-09-22 10:10:43 - PHP Notice:  Undefined variable: langC in C:\Users\alex\_work\OpenServer\domains\opencart.loc\system\storage\modification\admin\view\template\catalog\product_form.tpl on line 63
2016-09-22 10:12:41 - PHP Notice:  Undefined variable: langC in C:\Users\alex\_work\OpenServer\domains\opencart.loc\system\storage\modification\admin\view\template\catalog\product_form.tpl on line 53
2016-09-22 10:12:41 - PHP Notice:  Undefined variable: langC in C:\Users\alex\_work\OpenServer\domains\opencart.loc\system\storage\modification\admin\view\template\catalog\product_form.tpl on line 55
2016-09-22 10:12:41 - PHP Notice:  Undefined variable: langC in C:\Users\alex\_work\OpenServer\domains\opencart.loc\system\storage\modification\admin\view\template\catalog\product_form.tpl on line 57
2016-09-22 10:12:41 - PHP Notice:  Undefined variable: langC in C:\Users\alex\_work\OpenServer\domains\opencart.loc\system\storage\modification\admin\view\template\catalog\product_form.tpl on line 61
2016-09-22 10:12:41 - PHP Notice:  Undefined variable: langC in C:\Users\alex\_work\OpenServer\domains\opencart.loc\system\storage\modification\admin\view\template\catalog\product_form.tpl on line 65
2016-09-22 10:12:41 - PHP Notice:  Undefined variable: langC in C:\Users\alex\_work\OpenServer\domains\opencart.loc\system\storage\modification\admin\view\template\catalog\product_form.tpl on line 69
2016-09-22 10:12:53 - PHP Notice:  Undefined variable: langC in C:\Users\alex\_work\OpenServer\domains\opencart.loc\system\storage\modification\admin\view\template\catalog\product_form.tpl on line 53
2016-09-22 10:12:53 - PHP Notice:  Undefined variable: langC in C:\Users\alex\_work\OpenServer\domains\opencart.loc\system\storage\modification\admin\view\template\catalog\product_form.tpl on line 55
2016-09-22 10:12:53 - PHP Notice:  Undefined variable: langC in C:\Users\alex\_work\OpenServer\domains\opencart.loc\system\storage\modification\admin\view\template\catalog\product_form.tpl on line 57
2016-09-22 10:12:53 - PHP Notice:  Undefined variable: langC in C:\Users\alex\_work\OpenServer\domains\opencart.loc\system\storage\modification\admin\view\template\catalog\product_form.tpl on line 61
2016-09-22 10:12:53 - PHP Notice:  Undefined variable: langC in C:\Users\alex\_work\OpenServer\domains\opencart.loc\system\storage\modification\admin\view\template\catalog\product_form.tpl on line 65
2016-09-22 10:12:53 - PHP Notice:  Undefined variable: langC in C:\Users\alex\_work\OpenServer\domains\opencart.loc\system\storage\modification\admin\view\template\catalog\product_form.tpl on line 69
2016-10-18 1:04:32 - PHP Notice:  Undefined variable: text_information in C:\Users\alex\_work\OpenServer\domains\opencart.loc\catalog\view\theme\apple\template\common\header.tpl on line 83
2016-10-18 1:04:32 - PHP Notice:  Undefined variable: informations in C:\Users\alex\_work\OpenServer\domains\opencart.loc\catalog\view\theme\apple\template\common\header.tpl on line 88
2016-10-18 1:21:30 - PHP Notice:  Undefined variable: sales in C:\Users\alex\_work\OpenServer\domains\opencart.loc\catalog\view\theme\default\template\common\footer.tpl on line 11
2016-10-18 1:22:09 - PHP Notice:  Undefined variable: sales in C:\Users\alex\_work\OpenServer\domains\opencart.loc\catalog\view\theme\default\template\common\footer.tpl on line 11
2016-10-18 1:22:55 - PHP Notice:  Undefined variable: text_sales in C:\Users\alex\_work\OpenServer\domains\opencart.loc\catalog\view\theme\default\template\common\footer.tpl on line 11
2017-01-15 23:53:55 - PHP Notice:  Undefined variable: text_information in D:\OpenServer\domains\opencart.loc\catalog\view\theme\apple\template\common\header.tpl on line 87
2017-01-15 23:53:55 - PHP Notice:  Undefined variable: informations in D:\OpenServer\domains\opencart.loc\catalog\view\theme\apple\template\common\header.tpl on line 91
2017-01-15 23:54:09 - PHP Notice:  Undefined variable: text_information in D:\OpenServer\domains\opencart.loc\catalog\view\theme\apple\template\common\header.tpl on line 87
2017-01-15 23:54:09 - PHP Notice:  Undefined variable: informations in D:\OpenServer\domains\opencart.loc\catalog\view\theme\apple\template\common\header.tpl on line 91
2017-01-15 23:54:41 - PHP Notice:  Undefined variable: text_information in D:\OpenServer\domains\opencart.loc\catalog\view\theme\apple\template\common\header.tpl on line 87
2017-01-15 23:54:41 - PHP Notice:  Undefined variable: informations in D:\OpenServer\domains\opencart.loc\catalog\view\theme\apple\template\common\header.tpl on line 91
2017-01-15 23:55:11 - PHP Notice:  Undefined variable: text_information in D:\OpenServer\domains\opencart.loc\catalog\view\theme\apple\template\common\header.tpl on line 87
2017-01-15 23:55:11 - PHP Notice:  Undefined variable: informations in D:\OpenServer\domains\opencart.loc\catalog\view\theme\apple\template\common\header.tpl on line 91
2017-01-15 23:55:13 - PHP Notice:  Undefined variable: text_information in D:\OpenServer\domains\opencart.loc\catalog\view\theme\apple\template\common\header.tpl on line 87
2017-01-15 23:55:13 - PHP Notice:  Undefined variable: informations in D:\OpenServer\domains\opencart.loc\catalog\view\theme\apple\template\common\header.tpl on line 91
2017-01-15 23:55:14 - PHP Notice:  Undefined variable: text_information in D:\OpenServer\domains\opencart.loc\catalog\view\theme\apple\template\common\header.tpl on line 87
2017-01-15 23:55:14 - PHP Notice:  Undefined variable: informations in D:\OpenServer\domains\opencart.loc\catalog\view\theme\apple\template\common\header.tpl on line 91
2017-01-15 23:55:14 - PHP Notice:  Undefined variable: text_information in D:\OpenServer\domains\opencart.loc\catalog\view\theme\apple\template\common\header.tpl on line 87
2017-01-15 23:55:14 - PHP Notice:  Undefined variable: informations in D:\OpenServer\domains\opencart.loc\catalog\view\theme\apple\template\common\header.tpl on line 91
2017-01-15 23:55:15 - PHP Notice:  Undefined variable: text_information in D:\OpenServer\domains\opencart.loc\catalog\view\theme\apple\template\common\header.tpl on line 87
2017-01-15 23:55:15 - PHP Notice:  Undefined variable: informations in D:\OpenServer\domains\opencart.loc\catalog\view\theme\apple\template\common\header.tpl on line 91
2017-01-15 23:55:15 - PHP Notice:  Undefined variable: text_information in D:\OpenServer\domains\opencart.loc\catalog\view\theme\apple\template\common\header.tpl on line 87
2017-01-15 23:55:15 - PHP Notice:  Undefined variable: informations in D:\OpenServer\domains\opencart.loc\catalog\view\theme\apple\template\common\header.tpl on line 91
2017-01-15 23:55:15 - PHP Notice:  Undefined variable: text_information in D:\OpenServer\domains\opencart.loc\catalog\view\theme\apple\template\common\header.tpl on line 87
2017-01-15 23:55:15 - PHP Notice:  Undefined variable: informations in D:\OpenServer\domains\opencart.loc\catalog\view\theme\apple\template\common\header.tpl on line 91
2017-01-15 23:55:15 - PHP Notice:  Undefined variable: text_information in D:\OpenServer\domains\opencart.loc\catalog\view\theme\apple\template\common\header.tpl on line 87
2017-01-15 23:55:15 - PHP Notice:  Undefined variable: informations in D:\OpenServer\domains\opencart.loc\catalog\view\theme\apple\template\common\header.tpl on line 91
2017-01-15 23:55:15 - PHP Notice:  Undefined variable: text_information in D:\OpenServer\domains\opencart.loc\catalog\view\theme\apple\template\common\header.tpl on line 87
2017-01-15 23:55:15 - PHP Notice:  Undefined variable: informations in D:\OpenServer\domains\opencart.loc\catalog\view\theme\apple\template\common\header.tpl on line 91
2017-01-15 23:55:16 - PHP Notice:  Undefined variable: text_information in D:\OpenServer\domains\opencart.loc\catalog\view\theme\apple\template\common\header.tpl on line 87
2017-01-15 23:55:16 - PHP Notice:  Undefined variable: informations in D:\OpenServer\domains\opencart.loc\catalog\view\theme\apple\template\common\header.tpl on line 91
2017-01-15 23:55:16 - PHP Notice:  Undefined variable: text_information in D:\OpenServer\domains\opencart.loc\catalog\view\theme\apple\template\common\header.tpl on line 87
2017-01-15 23:55:16 - PHP Notice:  Undefined variable: informations in D:\OpenServer\domains\opencart.loc\catalog\view\theme\apple\template\common\header.tpl on line 91
2017-01-15 23:55:16 - PHP Notice:  Undefined variable: text_information in D:\OpenServer\domains\opencart.loc\catalog\view\theme\apple\template\common\header.tpl on line 87
2017-01-15 23:55:16 - PHP Notice:  Undefined variable: informations in D:\OpenServer\domains\opencart.loc\catalog\view\theme\apple\template\common\header.tpl on line 91
2017-01-15 23:55:16 - PHP Notice:  Undefined variable: text_information in D:\OpenServer\domains\opencart.loc\catalog\view\theme\apple\template\common\header.tpl on line 87
2017-01-15 23:55:16 - PHP Notice:  Undefined variable: informations in D:\OpenServer\domains\opencart.loc\catalog\view\theme\apple\template\common\header.tpl on line 91
2017-01-15 23:56:06 - PHP Notice:  Undefined variable: text_information in D:\OpenServer\domains\opencart.loc\catalog\view\theme\apple\template\common\header.tpl on line 87
2017-01-15 23:56:12 - PHP Notice:  Undefined variable: text_information in D:\OpenServer\domains\opencart.loc\catalog\view\theme\apple\template\common\header.tpl on line 87
2017-01-15 23:56:12 - PHP Notice:  Undefined variable: informations in D:\OpenServer\domains\opencart.loc\catalog\view\theme\apple\template\common\header.tpl on line 91
2017-01-16 0:28:43 - PHP Notice:  Error: Could not load template D:/OpenServer/domains/opencart.loc/catalog/view/theme/default/template/extension/module/vantage.tpl! in D:\OpenServer\domains\opencart.loc\system\storage\modification\system\library\template\php.php on line 23
2017-01-16 0:28:45 - PHP Notice:  Error: Could not load template D:/OpenServer/domains/opencart.loc/catalog/view/theme/default/template/extension/module/vantage.tpl! in D:\OpenServer\domains\opencart.loc\system\storage\modification\system\library\template\php.php on line 23
2017-01-16 0:51:12 - PHP Notice:  Error: Could not load template D:/OpenServer/domains/opencart.loc/admin/view/template/extension/module/vantage.tpl! in D:\OpenServer\domains\opencart.loc\system\storage\modification\system\library\template\php.php on line 23
2017-01-16 2:31:55 - PHP Notice:  Undefined index: text_warranty in D:\OpenServer\domains\opencart.loc\admin\controller\extension\module\vantage.php on line 177
2017-01-16 2:31:55 - PHP Notice:  Undefined index: icon_warranty in D:\OpenServer\domains\opencart.loc\admin\controller\extension\module\vantage.php on line 185
2017-01-16 2:31:55 - PHP Notice:  Undefined index: text_service in D:\OpenServer\domains\opencart.loc\admin\controller\extension\module\vantage.php on line 193
2017-01-16 2:31:55 - PHP Notice:  Undefined index: icon_service in D:\OpenServer\domains\opencart.loc\admin\controller\extension\module\vantage.php on line 201
2017-01-16 2:31:55 - PHP Notice:  Undefined index: text_price in D:\OpenServer\domains\opencart.loc\admin\controller\extension\module\vantage.php on line 209
2017-01-16 2:31:55 - PHP Notice:  Undefined index: icon_price in D:\OpenServer\domains\opencart.loc\admin\controller\extension\module\vantage.php on line 217
2017-01-16 2:31:55 - PHP Notice:  Undefined index: text_delivery in D:\OpenServer\domains\opencart.loc\admin\controller\extension\module\vantage.php on line 225
2017-01-16 2:31:55 - PHP Notice:  Undefined index: icon_delivery in D:\OpenServer\domains\opencart.loc\admin\controller\extension\module\vantage.php on line 233
2017-01-16 19:20:37 - PHP Notice:  Undefined variable: logo in D:\OpenServer\domains\opencart.loc\catalog\view\theme\apple\template\common\footer.tpl on line 55
2017-01-16 19:23:19 - PHP Notice:  Undefined variable: logo in D:\OpenServer\domains\opencart.loc\catalog\view\theme\apple\template\common\footer.tpl on line 55
2017-01-16 19:27:56 - PHP Notice:  Undefined variable: logo in D:\OpenServer\domains\opencart.loc\catalog\view\theme\apple\template\common\footer.tpl on line 55
2017-01-16 19:31:38 - PHP Notice:  Undefined variable: logo in D:\OpenServer\domains\opencart.loc\catalog\view\theme\apple\template\common\footer.tpl on line 55
2017-01-16 19:37:15 - PHP Notice:  Undefined variable: logo in D:\OpenServer\domains\opencart.loc\catalog\view\theme\apple\template\common\footer.tpl on line 55
2017-01-16 19:38:12 - PHP Notice:  Undefined variable: logo in D:\OpenServer\domains\opencart.loc\catalog\view\theme\apple\template\common\footer.tpl on line 55
2017-01-16 19:39:44 - PHP Notice:  Undefined variable: logo in D:\OpenServer\domains\opencart.loc\catalog\view\theme\apple\template\common\footer.tpl on line 55
2017-01-16 19:40:09 - PHP Notice:  Undefined variable: logo in D:\OpenServer\domains\opencart.loc\catalog\view\theme\apple\template\common\footer.tpl on line 55
2017-01-16 19:41:38 - PHP Notice:  Undefined variable: logo in D:\OpenServer\domains\opencart.loc\catalog\view\theme\apple\template\common\footer.tpl on line 10
2017-01-16 19:42:44 - PHP Notice:  Undefined variable: logo in D:\OpenServer\domains\opencart.loc\catalog\view\theme\apple\template\common\footer.tpl on line 10
2017-01-16 19:44:56 - PHP Notice:  Undefined variable: logo in D:\OpenServer\domains\opencart.loc\catalog\view\theme\apple\template\common\footer.tpl on line 10
2017-01-16 19:47:20 - PHP Notice:  Undefined variable: logo in D:\OpenServer\domains\opencart.loc\catalog\view\theme\apple\template\common\footer.tpl on line 10
2017-01-16 19:47:20 - PHP Notice:  Undefined variable: telephone in D:\OpenServer\domains\opencart.loc\catalog\view\theme\apple\template\common\footer.tpl on line 59
2017-01-16 19:47:32 - PHP Notice:  Undefined variable: logo in D:\OpenServer\domains\opencart.loc\catalog\view\theme\apple\template\common\footer.tpl on line 10
2017-01-16 19:47:32 - PHP Notice:  Undefined variable: telephone in D:\OpenServer\domains\opencart.loc\catalog\view\theme\apple\template\common\footer.tpl on line 58
2017-01-16 19:47:52 - PHP Notice:  Undefined variable: logo in D:\OpenServer\domains\opencart.loc\catalog\view\theme\apple\template\common\footer.tpl on line 10
2017-01-16 19:47:52 - PHP Notice:  Undefined variable: telephone in D:\OpenServer\domains\opencart.loc\catalog\view\theme\apple\template\common\footer.tpl on line 58
2017-01-16 19:59:53 - PHP Notice:  Undefined variable: logo in D:\OpenServer\domains\opencart.loc\catalog\view\theme\apple\template\common\footer.tpl on line 10
2017-01-16 19:59:53 - PHP Notice:  Undefined variable: telephone in D:\OpenServer\domains\opencart.loc\catalog\view\theme\apple\template\common\footer.tpl on line 58
2017-01-16 19:59:58 - PHP Notice:  Undefined variable: logo in D:\OpenServer\domains\opencart.loc\catalog\view\theme\apple\template\common\footer.tpl on line 10
2017-01-16 19:59:58 - PHP Notice:  Undefined variable: telephone in D:\OpenServer\domains\opencart.loc\catalog\view\theme\apple\template\common\footer.tpl on line 58
2017-01-16 20:00:50 - PHP Notice:  Undefined variable: server in D:\OpenServer\domains\opencart.loc\system\storage\modification\catalog\controller\common\footer.php on line 6
2017-01-16 20:00:50 - PHP Notice:  Undefined variable: home in D:\OpenServer\domains\opencart.loc\catalog\view\theme\apple\template\common\footer.tpl on line 11
2017-01-16 20:00:50 - PHP Notice:  Undefined variable: name in D:\OpenServer\domains\opencart.loc\catalog\view\theme\apple\template\common\footer.tpl on line 12
2017-01-16 20:01:39 - PHP Notice:  Undefined variable: server in D:\OpenServer\domains\opencart.loc\system\storage\modification\catalog\controller\common\footer.php on line 6
2017-01-16 20:01:39 - PHP Notice:  Undefined variable: home in D:\OpenServer\domains\opencart.loc\catalog\view\theme\apple\template\common\footer.tpl on line 11
2017-01-16 20:01:39 - PHP Notice:  Undefined variable: name in D:\OpenServer\domains\opencart.loc\catalog\view\theme\apple\template\common\footer.tpl on line 12
2017-01-16 20:01:44 - PHP Notice:  Undefined variable: server in D:\OpenServer\domains\opencart.loc\system\storage\modification\catalog\controller\common\footer.php on line 6
2017-01-16 20:01:44 - PHP Notice:  Undefined variable: home in D:\OpenServer\domains\opencart.loc\catalog\view\theme\apple\template\common\footer.tpl on line 11
2017-01-16 20:01:44 - PHP Notice:  Undefined variable: name in D:\OpenServer\domains\opencart.loc\catalog\view\theme\apple\template\common\footer.tpl on line 12
2017-01-16 20:01:49 - PHP Notice:  Undefined variable: logo in D:\OpenServer\domains\opencart.loc\catalog\view\theme\apple\template\common\footer.tpl on line 10
2017-01-16 20:01:49 - PHP Notice:  Undefined variable: telephone in D:\OpenServer\domains\opencart.loc\catalog\view\theme\apple\template\common\footer.tpl on line 58
2017-01-16 20:01:49 - PHP Notice:  Undefined variable: text_information in D:\OpenServer\domains\opencart.loc\catalog\view\theme\apple\template\common\header.tpl on line 87
2017-01-16 20:01:49 - PHP Notice:  Undefined variable: informations in D:\OpenServer\domains\opencart.loc\catalog\view\theme\apple\template\common\header.tpl on line 91
2017-01-16 20:01:54 - PHP Notice:  Undefined variable: server in D:\OpenServer\domains\opencart.loc\system\storage\modification\catalog\controller\common\footer.php on line 6
2017-01-16 20:01:54 - PHP Notice:  Undefined variable: home in D:\OpenServer\domains\opencart.loc\catalog\view\theme\apple\template\common\footer.tpl on line 11
2017-01-16 20:01:54 - PHP Notice:  Undefined variable: name in D:\OpenServer\domains\opencart.loc\catalog\view\theme\apple\template\common\footer.tpl on line 12
2017-01-16 20:03:32 - PHP Notice:  Undefined variable: home in D:\OpenServer\domains\opencart.loc\catalog\view\theme\apple\template\common\footer.tpl on line 11
2017-01-16 20:03:32 - PHP Notice:  Undefined variable: name in D:\OpenServer\domains\opencart.loc\catalog\view\theme\apple\template\common\footer.tpl on line 12
2017-01-16 20:05:25 - PHP Notice:  Undefined variable: home in D:\OpenServer\domains\opencart.loc\catalog\view\theme\apple\template\common\footer.tpl on line 11
2017-01-16 22:31:40 - PHP Notice:  Undefined variable: email in D:\OpenServer\domains\opencart.loc\catalog\view\theme\apple\template\common\footer.tpl on line 78
2017-01-17 1:11:17 - PHP Notice:  Undefined variable: meta_title in D:\OpenServer\domains\opencart.loc\catalog\view\theme\apple\template\product\category.tpl on line 17
2017-01-17 1:14:51 - PHP Notice:  Undefined variable: meta_title in D:\OpenServer\domains\opencart.loc\catalog\view\theme\apple\template\product\category.tpl on line 17
2017-01-17 3:22:34 - PHP Notice:  Undefined variable: address in D:\OpenServer\domains\opencart.loc\catalog\view\theme\apple\template\common\header.tpl on line 58
2017-01-17 3:22:35 - PHP Notice:  Undefined variable: address in D:\OpenServer\domains\opencart.loc\catalog\view\theme\apple\template\common\header.tpl on line 58
2017-01-17 3:22:37 - PHP Notice:  Undefined variable: address in D:\OpenServer\domains\opencart.loc\catalog\view\theme\apple\template\common\header.tpl on line 58
2017-01-17 3:22:42 - PHP Notice:  Undefined variable: address in D:\OpenServer\domains\opencart.loc\catalog\view\theme\apple\template\common\header.tpl on line 58
2017-01-17 3:22:45 - PHP Notice:  Undefined variable: address in D:\OpenServer\domains\opencart.loc\catalog\view\theme\apple\template\common\header.tpl on line 58
2017-01-17 3:30:17 - PHP Notice:  Undefined variable: address in D:\OpenServer\domains\opencart.loc\catalog\view\theme\apple\template\common\header.tpl on line 58
2017-01-17 3:30:19 - PHP Notice:  Undefined variable: address in D:\OpenServer\domains\opencart.loc\catalog\view\theme\apple\template\common\header.tpl on line 58
2017-01-17 3:30:25 - PHP Notice:  Undefined variable: address in D:\OpenServer\domains\opencart.loc\catalog\view\theme\apple\template\common\header.tpl on line 58
2017-01-17 3:30:27 - PHP Notice:  Undefined variable: address in D:\OpenServer\domains\opencart.loc\catalog\view\theme\apple\template\common\header.tpl on line 58
